<?xml version="1.0" encoding="UTF-8"?>
<!-- Generated by org.testng.reporters.JUnitReportReporter -->
<testsuite hostname="Varalakshmis-MacBook-Air.local" failures="0" tests="4" name="SauseLabsTestExecution.SauseLabsTestExecution.SauseTest" time="63.080" errors="0" timestamp="2023-03-20T17:22:09 GMT-04:00" skipped="0">
  <testcase classname="SauseLabsTestExecution.SauseLabsTestExecution.SauseTest" name="fireFoxTest" time="19.880"/>
  <system-out/>
  <testcase classname="SauseLabsTestExecution.SauseLabsTestExecution.SauseTest" name="fireFoxTest" time="13.790"/>
  <system-out/>
  <testcase classname="SauseLabsTestExecution.SauseLabsTestExecution.SauseTest" name="chromeTest" time="20.398"/>
  <system-out/>
  <testcase classname="SauseLabsTestExecution.SauseLabsTestExecution.SauseTest" name="chromeTest" time="9.012"/>
  <system-out/>
</testsuite> <!-- SauseLabsTestExecution.SauseLabsTestExecution.SauseTest -->
